{
"contracts/EdgewareToken.sol":{"l":{"13":3,"17":3,"25":3,"33":3,"34":3,"42":0,"43":0,"47":4},"path":"/media/dev/a1f3111b-cf3b-4b8d-8080-52d4b51c231e/dev/Документы/Blaise/Projects/harmony_smart_contracts/contracts/EdgewareToken.sol","s":{"1":3,"2":3,"3":3,"4":3,"5":0,"6":0,"7":4},"b":{"1":[3,0]},"f":{"1":3,"2":3,"3":3,"4":0,"5":4},"fnMap":{"1":{"name":"onlyBridgeAndOwner","line":12,"loc":{"start":{"line":12,"column":4},"end":{"line":18,"column":4}}},"2":{"name":"constructor","line":23,"loc":{"start":{"line":20,"column":4},"end":{"line":26,"column":4}}},"3":{"name":"mintFor","line":30,"loc":{"start":{"line":28,"column":4},"end":{"line":35,"column":4}}},"4":{"name":"burn","line":39,"loc":{"start":{"line":37,"column":4},"end":{"line":44,"column":4}}},"5":{"name":"setBridgeAddress","line":46,"loc":{"start":{"line":46,"column":4},"end":{"line":48,"column":4}}}},"statementMap":{"1":{"start":{"line":13,"column":8},"end":{"line":13,"column":339}},"2":{"start":{"line":25,"column":8},"end":{"line":25,"column":26}},"3":{"start":{"line":33,"column":8},"end":{"line":33,"column":30}},"4":{"start":{"line":34,"column":8},"end":{"line":34,"column":19}},"5":{"start":{"line":42,"column":8},"end":{"line":42,"column":32}},"6":{"start":{"line":43,"column":8},"end":{"line":43,"column":19}},"7":{"start":{"line":47,"column":8},"end":{"line":47,"column":23}}},"branchMap":{"1":{"line":13,"type":"if","locations":[{"start":{"line":13,"column":8},"end":{"line":13,"column":8}},{"start":{"line":13,"column":8},"end":{"line":13,"column":8}}]}}},
"contracts/HarmonyBridge.sol":{"l":{"52":17,"53":17,"62":3,"63":3,"64":3,"65":3,"66":3,"67":3,"68":3,"69":3,"70":3,"76":0,"80":0,"81":0,"104":17,"109":3,"114":3,"119":3,"125":3,"126":3,"131":3,"132":3,"140":0,"141":0,"142":0,"146":0,"150":0,"152":0,"163":2,"168":14,"169":14,"170":14,"171":14,"179":0,"180":0,"181":0,"182":0,"190":3,"194":0,"198":0,"205":4,"206":4,"207":4,"211":0,"212":0,"213":0,"220":0,"224":0,"231":1,"239":3,"254":17,"255":14,"257":3,"266":3,"267":3,"268":12,"269":12,"270":12,"271":9,"273":12,"275":3,"283":9,"284":36,"285":0,"288":9,"292":3,"293":3,"295":1,"296":1,"301":3,"303":3,"308":3,"310":3,"316":3,"320":3,"321":0,"324":0,"329":3,"332":3,"333":3,"338":3},"path":"/media/dev/a1f3111b-cf3b-4b8d-8080-52d4b51c231e/dev/Документы/Blaise/Projects/harmony_smart_contracts/contracts/HarmonyBridge.sol","s":{"1":17,"2":3,"3":3,"4":3,"5":3,"6":3,"7":3,"8":3,"9":3,"10":3,"11":0,"12":0,"13":17,"14":3,"15":3,"16":3,"17":3,"18":3,"19":3,"20":3,"21":0,"22":0,"23":0,"24":0,"25":0,"26":2,"27":14,"28":14,"29":14,"30":0,"31":0,"32":0,"33":3,"34":0,"35":0,"36":4,"37":4,"38":4,"39":0,"40":0,"41":0,"42":0,"43":0,"44":1,"45":3,"46":17,"47":14,"48":3,"49":3,"50":3,"51":12,"52":12,"53":0,"54":12,"55":9,"56":0,"57":12,"58":3,"59":9,"60":36,"61":0,"62":9,"63":3,"64":3,"65":1,"66":1,"67":3,"68":3,"69":3,"70":3,"71":3,"72":3,"73":0,"74":0,"75":3,"76":3,"77":3,"78":3},"b":{"1":[17,0],"2":[0,0],"3":[3,14],"4":[3,0],"5":[3,0],"6":[3,0],"7":[3,0],"8":[0,0],"9":[0,0],"10":[0,0],"11":[14,0],"12":[0,0],"13":[0,0],"14":[14,3],"15":[0,12],"16":[9,3],"17":[0,9],"18":[0,36],"19":[1,2],"20":[3,0],"21":[3,0],"22":[0,3],"23":[0,0],"24":[3,0]},"f":{"1":17,"2":3,"3":0,"4":17,"5":0,"6":2,"7":14,"8":0,"9":3,"10":0,"11":0,"12":4,"13":0,"14":0,"15":1,"16":3,"17":17,"18":3,"19":9,"20":3,"21":3},"fnMap":{"1":{"name":"onlyWorker","line":51,"loc":{"start":{"line":51,"column":4},"end":{"line":54,"column":4}}},"2":{"name":"constructor","line":61,"loc":{"start":{"line":56,"column":4},"end":{"line":71,"column":4}}},"3":{"name":"transferCoin","line":75,"loc":{"start":{"line":75,"column":4},"end":{"line":89,"column":4}}},"4":{"name":"requestSwap","line":103,"loc":{"start":{"line":100,"column":4},"end":{"line":133,"column":4}}},"5":{"name":"transferToken","line":135,"loc":{"start":{"line":135,"column":4},"end":{"line":160,"column":4}}},"6":{"name":"setFee","line":162,"loc":{"start":{"line":162,"column":4},"end":{"line":164,"column":4}}},"7":{"name":"addValidator","line":167,"loc":{"start":{"line":167,"column":4},"end":{"line":176,"column":4}}},"8":{"name":"removeValidator","line":178,"loc":{"start":{"line":178,"column":4},"end":{"line":187,"column":4}}},"9":{"name":"addWorker","line":189,"loc":{"start":{"line":189,"column":4},"end":{"line":191,"column":4}}},"10":{"name":"removeWorker","line":193,"loc":{"start":{"line":193,"column":4},"end":{"line":195,"column":4}}},"11":{"name":"setThreshold","line":197,"loc":{"start":{"line":197,"column":4},"end":{"line":199,"column":4}}},"12":{"name":"addToken","line":203,"loc":{"start":{"line":201,"column":4},"end":{"line":208,"column":4}}},"13":{"name":"removeToken","line":210,"loc":{"start":{"line":210,"column":4},"end":{"line":214,"column":4}}},"14":{"name":"setDailyLimit","line":218,"loc":{"start":{"line":216,"column":4},"end":{"line":225,"column":4}}},"15":{"name":"setTxExpirationTime","line":229,"loc":{"start":{"line":227,"column":4},"end":{"line":232,"column":4}}},"16":{"name":"hashMessage","line":234,"loc":{"start":{"line":234,"column":4},"end":{"line":251,"column":4}}},"17":{"name":"checkExpirationTime","line":253,"loc":{"start":{"line":253,"column":4},"end":{"line":259,"column":4}}},"18":{"name":"verifySignatures","line":261,"loc":{"start":{"line":261,"column":4},"end":{"line":276,"column":4}}},"19":{"name":"checkUnique","line":278,"loc":{"start":{"line":278,"column":4},"end":{"line":289,"column":4}}},"20":{"name":"updateDailyLimit","line":291,"loc":{"start":{"line":291,"column":4},"end":{"line":298,"column":4}}},"21":{"name":"makeSwap","line":300,"loc":{"start":{"line":300,"column":4},"end":{"line":339,"column":4}}}},"statementMap":{"1":{"start":{"line":52,"column":8},"end":{"line":52,"column":74}},"2":{"start":{"line":62,"column":8},"end":{"line":62,"column":37}},"3":{"start":{"line":63,"column":8},"end":{"line":63,"column":56}},"4":{"start":{"line":64,"column":8},"end":{"line":64,"column":33}},"5":{"start":{"line":65,"column":8},"end":{"line":65,"column":24}},"6":{"start":{"line":66,"column":8},"end":{"line":66,"column":43}},"7":{"start":{"line":67,"column":8},"end":{"line":67,"column":46}},"8":{"start":{"line":68,"column":8},"end":{"line":68,"column":54}},"9":{"start":{"line":69,"column":8},"end":{"line":69,"column":24}},"10":{"start":{"line":70,"column":8},"end":{"line":70,"column":32}},"11":{"start":{"line":76,"column":8},"end":{"line":76,"column":2174}},"12":{"start":{"line":81,"column":8},"end":{"line":81,"column":2327}},"13":{"start":{"line":104,"column":8},"end":{"line":104,"column":3077}},"14":{"start":{"line":109,"column":8},"end":{"line":109,"column":3230}},"15":{"start":{"line":114,"column":8},"end":{"line":114,"column":3349}},"16":{"start":{"line":119,"column":8},"end":{"line":119,"column":3486}},"17":{"start":{"line":125,"column":8},"end":{"line":125,"column":62}},"18":{"start":{"line":126,"column":8},"end":{"line":126,"column":3748}},"19":{"start":{"line":131,"column":8},"end":{"line":131,"column":41}},"20":{"start":{"line":132,"column":8},"end":{"line":132,"column":18}},"21":{"start":{"line":140,"column":8},"end":{"line":140,"column":68}},"22":{"start":{"line":141,"column":8},"end":{"line":141,"column":58}},"23":{"start":{"line":142,"column":8},"end":{"line":142,"column":4204}},"24":{"start":{"line":146,"column":8},"end":{"line":146,"column":4356}},"25":{"start":{"line":152,"column":8},"end":{"line":152,"column":4510}},"26":{"start":{"line":163,"column":8},"end":{"line":163,"column":19}},"27":{"start":{"line":168,"column":8},"end":{"line":168,"column":104}},"28":{"start":{"line":169,"column":8},"end":{"line":169,"column":38}},"29":{"start":{"line":171,"column":8},"end":{"line":171,"column":5081}},"30":{"start":{"line":179,"column":8},"end":{"line":179,"column":75}},"31":{"start":{"line":180,"column":8},"end":{"line":180,"column":43}},"32":{"start":{"line":182,"column":8},"end":{"line":182,"column":5469}},"33":{"start":{"line":190,"column":8},"end":{"line":190,"column":32}},"34":{"start":{"line":194,"column":8},"end":{"line":194,"column":37}},"35":{"start":{"line":198,"column":8},"end":{"line":198,"column":50}},"36":{"start":{"line":205,"column":8},"end":{"line":205,"column":30}},"37":{"start":{"line":206,"column":8},"end":{"line":206,"column":45}},"38":{"start":{"line":207,"column":8},"end":{"line":207,"column":52}},"39":{"start":{"line":211,"column":8},"end":{"line":211,"column":35}},"40":{"start":{"line":212,"column":8},"end":{"line":212,"column":35}},"41":{"start":{"line":213,"column":8},"end":{"line":213,"column":42}},"42":{"start":{"line":220,"column":8},"end":{"line":220,"column":6544}},"43":{"start":{"line":224,"column":8},"end":{"line":224,"column":42}},"44":{"start":{"line":231,"column":8},"end":{"line":231,"column":56}},"45":{"start":{"line":239,"column":8},"end":{"line":239,"column":7013}},"46":{"start":{"line":254,"column":8},"end":{"line":254,"column":7491}},"47":{"start":{"line":255,"column":12},"end":{"line":255,"column":24}},"48":{"start":{"line":257,"column":12},"end":{"line":257,"column":23}},"49":{"start":{"line":266,"column":8},"end":{"line":266,"column":67}},"50":{"start":{"line":267,"column":8},"end":{"line":267,"column":7835}},"51":{"start":{"line":268,"column":12},"end":{"line":268,"column":79}},"52":{"start":{"line":269,"column":12},"end":{"line":269,"column":56}},"53":{"start":{"line":269,"column":44},"end":{"line":269,"column":56}},"54":{"start":{"line":270,"column":12},"end":{"line":270,"column":8040}},"55":{"start":{"line":271,"column":16},"end":{"line":271,"column":70}},"56":{"start":{"line":271,"column":58},"end":{"line":271,"column":70}},"57":{"start":{"line":273,"column":12},"end":{"line":273,"column":37}},"58":{"start":{"line":275,"column":8},"end":{"line":275,"column":19}},"59":{"start":{"line":283,"column":8},"end":{"line":283,"column":8349}},"60":{"start":{"line":284,"column":12},"end":{"line":284,"column":8415}},"61":{"start":{"line":285,"column":16},"end":{"line":285,"column":28}},"62":{"start":{"line":288,"column":8},"end":{"line":288,"column":19}},"63":{"start":{"line":292,"column":8},"end":{"line":292,"column":45}},"64":{"start":{"line":293,"column":8},"end":{"line":293,"column":8634}},"65":{"start":{"line":295,"column":12},"end":{"line":295,"column":49}},"66":{"start":{"line":296,"column":12},"end":{"line":296,"column":32}},"67":{"start":{"line":301,"column":8},"end":{"line":301,"column":64}},"68":{"start":{"line":303,"column":8},"end":{"line":303,"column":9101}},"69":{"start":{"line":308,"column":8},"end":{"line":308,"column":43}},"70":{"start":{"line":310,"column":8},"end":{"line":310,"column":9265}},"71":{"start":{"line":316,"column":8},"end":{"line":316,"column":9459}},"72":{"start":{"line":320,"column":8},"end":{"line":320,"column":9580}},"73":{"start":{"line":321,"column":12},"end":{"line":321,"column":9637}},"74":{"start":{"line":324,"column":12},"end":{"line":324,"column":9765}},"75":{"start":{"line":329,"column":12},"end":{"line":329,"column":9915}},"76":{"start":{"line":332,"column":12},"end":{"line":332,"column":75}},"77":{"start":{"line":333,"column":12},"end":{"line":333,"column":10120}},"78":{"start":{"line":338,"column":8},"end":{"line":338,"column":19}}},"branchMap":{"1":{"line":52,"type":"if","locations":[{"start":{"line":52,"column":8},"end":{"line":52,"column":8}},{"start":{"line":52,"column":8},"end":{"line":52,"column":8}}]},"2":{"line":76,"type":"if","locations":[{"start":{"line":76,"column":8},"end":{"line":76,"column":8}},{"start":{"line":76,"column":8},"end":{"line":76,"column":8}}]},"3":{"line":104,"type":"if","locations":[{"start":{"line":104,"column":8},"end":{"line":104,"column":8}},{"start":{"line":104,"column":8},"end":{"line":104,"column":8}}]},"4":{"line":109,"type":"if","locations":[{"start":{"line":109,"column":8},"end":{"line":109,"column":8}},{"start":{"line":109,"column":8},"end":{"line":109,"column":8}}]},"5":{"line":114,"type":"if","locations":[{"start":{"line":114,"column":8},"end":{"line":114,"column":8}},{"start":{"line":114,"column":8},"end":{"line":114,"column":8}}]},"6":{"line":119,"type":"if","locations":[{"start":{"line":119,"column":8},"end":{"line":119,"column":8}},{"start":{"line":119,"column":8},"end":{"line":119,"column":8}}]},"7":{"line":126,"type":"if","locations":[{"start":{"line":126,"column":8},"end":{"line":126,"column":8}},{"start":{"line":126,"column":8},"end":{"line":126,"column":8}}]},"8":{"line":140,"type":"if","locations":[{"start":{"line":140,"column":8},"end":{"line":140,"column":8}},{"start":{"line":140,"column":8},"end":{"line":140,"column":8}}]},"9":{"line":142,"type":"if","locations":[{"start":{"line":142,"column":8},"end":{"line":142,"column":8}},{"start":{"line":142,"column":8},"end":{"line":142,"column":8}}]},"10":{"line":146,"type":"if","locations":[{"start":{"line":146,"column":8},"end":{"line":146,"column":8}},{"start":{"line":146,"column":8},"end":{"line":146,"column":8}}]},"11":{"line":168,"type":"if","locations":[{"start":{"line":168,"column":8},"end":{"line":168,"column":8}},{"start":{"line":168,"column":8},"end":{"line":168,"column":8}}]},"12":{"line":179,"type":"if","locations":[{"start":{"line":179,"column":8},"end":{"line":179,"column":8}},{"start":{"line":179,"column":8},"end":{"line":179,"column":8}}]},"13":{"line":220,"type":"if","locations":[{"start":{"line":220,"column":8},"end":{"line":220,"column":8}},{"start":{"line":220,"column":8},"end":{"line":220,"column":8}}]},"14":{"line":254,"type":"if","locations":[{"start":{"line":254,"column":8},"end":{"line":254,"column":8}},{"start":{"line":254,"column":8},"end":{"line":254,"column":8}}]},"15":{"line":269,"type":"if","locations":[{"start":{"line":269,"column":12},"end":{"line":269,"column":12}},{"start":{"line":269,"column":12},"end":{"line":269,"column":12}}]},"16":{"line":270,"type":"if","locations":[{"start":{"line":270,"column":12},"end":{"line":270,"column":12}},{"start":{"line":270,"column":12},"end":{"line":270,"column":12}}]},"17":{"line":271,"type":"if","locations":[{"start":{"line":271,"column":16},"end":{"line":271,"column":16}},{"start":{"line":271,"column":16},"end":{"line":271,"column":16}}]},"18":{"line":284,"type":"if","locations":[{"start":{"line":284,"column":12},"end":{"line":284,"column":12}},{"start":{"line":284,"column":12},"end":{"line":284,"column":12}}]},"19":{"line":293,"type":"if","locations":[{"start":{"line":293,"column":8},"end":{"line":293,"column":8}},{"start":{"line":293,"column":8},"end":{"line":293,"column":8}}]},"20":{"line":303,"type":"if","locations":[{"start":{"line":303,"column":8},"end":{"line":303,"column":8}},{"start":{"line":303,"column":8},"end":{"line":303,"column":8}}]},"21":{"line":310,"type":"if","locations":[{"start":{"line":310,"column":8},"end":{"line":310,"column":8}},{"start":{"line":310,"column":8},"end":{"line":310,"column":8}}]},"22":{"line":320,"type":"if","locations":[{"start":{"line":320,"column":8},"end":{"line":320,"column":8}},{"start":{"line":320,"column":8},"end":{"line":320,"column":8}}]},"23":{"line":324,"type":"if","locations":[{"start":{"line":324,"column":12},"end":{"line":324,"column":12}},{"start":{"line":324,"column":12},"end":{"line":324,"column":12}}]},"24":{"line":333,"type":"if","locations":[{"start":{"line":333,"column":12},"end":{"line":333,"column":12}},{"start":{"line":333,"column":12},"end":{"line":333,"column":12}}]}}}}
