{
"contracts/EdgewareToken.sol":{"l":{"13":4,"17":4,"25":3,"33":4,"34":4,"42":0,"43":0,"47":4},"path":"/media/dev/a1f3111b-cf3b-4b8d-8080-52d4b51c231e/dev/Документы/Blaise/Projects/harmony_smart_contracts/contracts/EdgewareToken.sol","s":{"1":4,"2":3,"3":4,"4":4,"5":0,"6":0,"7":4},"b":{"1":[4,0]},"f":{"1":4,"2":3,"3":4,"4":0,"5":4},"fnMap":{"1":{"name":"onlyBridgeAndOwner","line":12,"loc":{"start":{"line":12,"column":4},"end":{"line":18,"column":4}}},"2":{"name":"constructor","line":23,"loc":{"start":{"line":20,"column":4},"end":{"line":26,"column":4}}},"3":{"name":"mintFor","line":30,"loc":{"start":{"line":28,"column":4},"end":{"line":35,"column":4}}},"4":{"name":"burn","line":39,"loc":{"start":{"line":37,"column":4},"end":{"line":44,"column":4}}},"5":{"name":"setBridgeAddress","line":46,"loc":{"start":{"line":46,"column":4},"end":{"line":48,"column":4}}}},"statementMap":{"1":{"start":{"line":13,"column":8},"end":{"line":13,"column":339}},"2":{"start":{"line":25,"column":8},"end":{"line":25,"column":26}},"3":{"start":{"line":33,"column":8},"end":{"line":33,"column":30}},"4":{"start":{"line":34,"column":8},"end":{"line":34,"column":19}},"5":{"start":{"line":42,"column":8},"end":{"line":42,"column":32}},"6":{"start":{"line":43,"column":8},"end":{"line":43,"column":19}},"7":{"start":{"line":47,"column":8},"end":{"line":47,"column":23}}},"branchMap":{"1":{"line":13,"type":"if","locations":[{"start":{"line":13,"column":8},"end":{"line":13,"column":8}},{"start":{"line":13,"column":8},"end":{"line":13,"column":8}}]}}},
"contracts/HarmonyBridge.sol":{"l":{"52":14,"53":14,"62":3,"63":3,"64":3,"65":3,"66":3,"67":3,"68":3,"69":3,"70":3,"76":0,"80":0,"81":0,"99":14,"104":14,"109":14,"114":14,"120":12,"121":12,"126":8,"127":6,"135":0,"136":0,"137":0,"141":0,"145":0,"147":0,"158":2,"163":14,"164":14,"165":14,"166":14,"174":0,"175":0,"176":0,"177":0,"185":3,"189":0,"193":0,"200":4,"201":4,"202":4,"206":0,"207":0,"208":0,"215":0,"219":0,"226":1,"234":12,"249":14,"250":0,"252":14,"261":12,"262":12,"263":38,"264":38,"265":36,"266":26,"268":34,"270":8,"278":26,"279":98,"280":2,"283":24,"287":8,"288":8,"290":1,"291":1,"296":8,"298":8,"303":8,"305":8,"311":6,"315":6,"316":2,"319":2,"324":4,"327":4,"328":4,"333":6},"path":"/media/dev/a1f3111b-cf3b-4b8d-8080-52d4b51c231e/dev/Документы/Blaise/Projects/harmony_smart_contracts/contracts/HarmonyBridge.sol","s":{"1":14,"2":3,"3":3,"4":3,"5":3,"6":3,"7":3,"8":3,"9":3,"10":3,"11":0,"12":0,"13":14,"14":14,"15":14,"16":14,"17":12,"18":12,"19":8,"20":6,"21":0,"22":0,"23":0,"24":0,"25":0,"26":2,"27":14,"28":14,"29":14,"30":0,"31":0,"32":0,"33":3,"34":0,"35":0,"36":4,"37":4,"38":4,"39":0,"40":0,"41":0,"42":0,"43":0,"44":1,"45":12,"46":14,"47":0,"48":14,"49":12,"50":12,"51":38,"52":38,"53":2,"54":36,"55":26,"56":2,"57":34,"58":8,"59":26,"60":98,"61":2,"62":24,"63":8,"64":8,"65":1,"66":1,"67":8,"68":8,"69":8,"70":8,"71":6,"72":6,"73":2,"74":2,"75":4,"76":4,"77":4,"78":6},"b":{"1":[14,0],"2":[0,0],"3":[14,0],"4":[14,0],"5":[14,0],"6":[12,2],"7":[8,4],"8":[0,0],"9":[0,0],"10":[0,0],"11":[14,0],"12":[0,0],"13":[0,0],"14":[0,14],"15":[2,36],"16":[26,10],"17":[2,24],"18":[2,96],"19":[1,7],"20":[8,0],"21":[6,2],"22":[2,4],"23":[2,0],"24":[4,0]},"f":{"1":14,"2":3,"3":0,"4":14,"5":0,"6":2,"7":14,"8":0,"9":3,"10":0,"11":0,"12":4,"13":0,"14":0,"15":1,"16":12,"17":14,"18":12,"19":26,"20":8,"21":8},"fnMap":{"1":{"name":"onlyWorker","line":51,"loc":{"start":{"line":51,"column":4},"end":{"line":54,"column":4}}},"2":{"name":"constructor","line":61,"loc":{"start":{"line":56,"column":4},"end":{"line":71,"column":4}}},"3":{"name":"transferCoin","line":75,"loc":{"start":{"line":75,"column":4},"end":{"line":89,"column":4}}},"4":{"name":"requestSwap","line":98,"loc":{"start":{"line":95,"column":4},"end":{"line":128,"column":4}}},"5":{"name":"transferToken","line":130,"loc":{"start":{"line":130,"column":4},"end":{"line":155,"column":4}}},"6":{"name":"setFee","line":157,"loc":{"start":{"line":157,"column":4},"end":{"line":159,"column":4}}},"7":{"name":"addValidator","line":162,"loc":{"start":{"line":162,"column":4},"end":{"line":171,"column":4}}},"8":{"name":"removeValidator","line":173,"loc":{"start":{"line":173,"column":4},"end":{"line":182,"column":4}}},"9":{"name":"addWorker","line":184,"loc":{"start":{"line":184,"column":4},"end":{"line":186,"column":4}}},"10":{"name":"removeWorker","line":188,"loc":{"start":{"line":188,"column":4},"end":{"line":190,"column":4}}},"11":{"name":"setThreshold","line":192,"loc":{"start":{"line":192,"column":4},"end":{"line":194,"column":4}}},"12":{"name":"addToken","line":198,"loc":{"start":{"line":196,"column":4},"end":{"line":203,"column":4}}},"13":{"name":"removeToken","line":205,"loc":{"start":{"line":205,"column":4},"end":{"line":209,"column":4}}},"14":{"name":"setDailyLimit","line":213,"loc":{"start":{"line":211,"column":4},"end":{"line":220,"column":4}}},"15":{"name":"setTxExpirationTime","line":224,"loc":{"start":{"line":222,"column":4},"end":{"line":227,"column":4}}},"16":{"name":"hashMessage","line":229,"loc":{"start":{"line":229,"column":4},"end":{"line":246,"column":4}}},"17":{"name":"checkExpirationTime","line":248,"loc":{"start":{"line":248,"column":4},"end":{"line":254,"column":4}}},"18":{"name":"verifySignatures","line":256,"loc":{"start":{"line":256,"column":4},"end":{"line":271,"column":4}}},"19":{"name":"checkUnique","line":273,"loc":{"start":{"line":273,"column":4},"end":{"line":284,"column":4}}},"20":{"name":"updateDailyLimit","line":286,"loc":{"start":{"line":286,"column":4},"end":{"line":293,"column":4}}},"21":{"name":"makeSwap","line":295,"loc":{"start":{"line":295,"column":4},"end":{"line":334,"column":4}}}},"statementMap":{"1":{"start":{"line":52,"column":8},"end":{"line":52,"column":74}},"2":{"start":{"line":62,"column":8},"end":{"line":62,"column":37}},"3":{"start":{"line":63,"column":8},"end":{"line":63,"column":56}},"4":{"start":{"line":64,"column":8},"end":{"line":64,"column":33}},"5":{"start":{"line":65,"column":8},"end":{"line":65,"column":24}},"6":{"start":{"line":66,"column":8},"end":{"line":66,"column":53}},"7":{"start":{"line":67,"column":8},"end":{"line":67,"column":46}},"8":{"start":{"line":68,"column":8},"end":{"line":68,"column":54}},"9":{"start":{"line":69,"column":8},"end":{"line":69,"column":24}},"10":{"start":{"line":70,"column":8},"end":{"line":70,"column":32}},"11":{"start":{"line":76,"column":8},"end":{"line":76,"column":2173}},"12":{"start":{"line":81,"column":8},"end":{"line":81,"column":2326}},"13":{"start":{"line":99,"column":8},"end":{"line":99,"column":2777}},"14":{"start":{"line":104,"column":8},"end":{"line":104,"column":2930}},"15":{"start":{"line":109,"column":8},"end":{"line":109,"column":3049}},"16":{"start":{"line":114,"column":8},"end":{"line":114,"column":3186}},"17":{"start":{"line":120,"column":8},"end":{"line":120,"column":62}},"18":{"start":{"line":121,"column":8},"end":{"line":121,"column":3448}},"19":{"start":{"line":126,"column":8},"end":{"line":126,"column":41}},"20":{"start":{"line":127,"column":8},"end":{"line":127,"column":18}},"21":{"start":{"line":135,"column":8},"end":{"line":135,"column":68}},"22":{"start":{"line":136,"column":8},"end":{"line":136,"column":58}},"23":{"start":{"line":137,"column":8},"end":{"line":137,"column":3904}},"24":{"start":{"line":141,"column":8},"end":{"line":141,"column":4056}},"25":{"start":{"line":147,"column":8},"end":{"line":147,"column":4210}},"26":{"start":{"line":158,"column":8},"end":{"line":158,"column":19}},"27":{"start":{"line":163,"column":8},"end":{"line":163,"column":104}},"28":{"start":{"line":164,"column":8},"end":{"line":164,"column":38}},"29":{"start":{"line":166,"column":8},"end":{"line":166,"column":4781}},"30":{"start":{"line":174,"column":8},"end":{"line":174,"column":75}},"31":{"start":{"line":175,"column":8},"end":{"line":175,"column":43}},"32":{"start":{"line":177,"column":8},"end":{"line":177,"column":5169}},"33":{"start":{"line":185,"column":8},"end":{"line":185,"column":32}},"34":{"start":{"line":189,"column":8},"end":{"line":189,"column":37}},"35":{"start":{"line":193,"column":8},"end":{"line":193,"column":50}},"36":{"start":{"line":200,"column":8},"end":{"line":200,"column":30}},"37":{"start":{"line":201,"column":8},"end":{"line":201,"column":45}},"38":{"start":{"line":202,"column":8},"end":{"line":202,"column":52}},"39":{"start":{"line":206,"column":8},"end":{"line":206,"column":35}},"40":{"start":{"line":207,"column":8},"end":{"line":207,"column":35}},"41":{"start":{"line":208,"column":8},"end":{"line":208,"column":42}},"42":{"start":{"line":215,"column":8},"end":{"line":215,"column":6244}},"43":{"start":{"line":219,"column":8},"end":{"line":219,"column":42}},"44":{"start":{"line":226,"column":8},"end":{"line":226,"column":45}},"45":{"start":{"line":234,"column":8},"end":{"line":234,"column":6702}},"46":{"start":{"line":249,"column":8},"end":{"line":249,"column":7180}},"47":{"start":{"line":250,"column":12},"end":{"line":250,"column":24}},"48":{"start":{"line":252,"column":12},"end":{"line":252,"column":23}},"49":{"start":{"line":261,"column":8},"end":{"line":261,"column":67}},"50":{"start":{"line":262,"column":8},"end":{"line":262,"column":7513}},"51":{"start":{"line":263,"column":12},"end":{"line":263,"column":79}},"52":{"start":{"line":264,"column":12},"end":{"line":264,"column":56}},"53":{"start":{"line":264,"column":44},"end":{"line":264,"column":56}},"54":{"start":{"line":265,"column":12},"end":{"line":265,"column":7718}},"55":{"start":{"line":266,"column":16},"end":{"line":266,"column":70}},"56":{"start":{"line":266,"column":58},"end":{"line":266,"column":70}},"57":{"start":{"line":268,"column":12},"end":{"line":268,"column":37}},"58":{"start":{"line":270,"column":8},"end":{"line":270,"column":19}},"59":{"start":{"line":278,"column":8},"end":{"line":278,"column":8027}},"60":{"start":{"line":279,"column":12},"end":{"line":279,"column":8093}},"61":{"start":{"line":280,"column":16},"end":{"line":280,"column":28}},"62":{"start":{"line":283,"column":8},"end":{"line":283,"column":19}},"63":{"start":{"line":287,"column":8},"end":{"line":287,"column":45}},"64":{"start":{"line":288,"column":8},"end":{"line":288,"column":8312}},"65":{"start":{"line":290,"column":12},"end":{"line":290,"column":49}},"66":{"start":{"line":291,"column":12},"end":{"line":291,"column":32}},"67":{"start":{"line":296,"column":8},"end":{"line":296,"column":64}},"68":{"start":{"line":298,"column":8},"end":{"line":298,"column":8779}},"69":{"start":{"line":303,"column":8},"end":{"line":303,"column":43}},"70":{"start":{"line":305,"column":8},"end":{"line":305,"column":8943}},"71":{"start":{"line":311,"column":8},"end":{"line":311,"column":9137}},"72":{"start":{"line":315,"column":8},"end":{"line":315,"column":9258}},"73":{"start":{"line":316,"column":12},"end":{"line":316,"column":9315}},"74":{"start":{"line":319,"column":12},"end":{"line":319,"column":9443}},"75":{"start":{"line":324,"column":12},"end":{"line":324,"column":9593}},"76":{"start":{"line":327,"column":12},"end":{"line":327,"column":75}},"77":{"start":{"line":328,"column":12},"end":{"line":328,"column":9798}},"78":{"start":{"line":333,"column":8},"end":{"line":333,"column":19}}},"branchMap":{"1":{"line":52,"type":"if","locations":[{"start":{"line":52,"column":8},"end":{"line":52,"column":8}},{"start":{"line":52,"column":8},"end":{"line":52,"column":8}}]},"2":{"line":76,"type":"if","locations":[{"start":{"line":76,"column":8},"end":{"line":76,"column":8}},{"start":{"line":76,"column":8},"end":{"line":76,"column":8}}]},"3":{"line":99,"type":"if","locations":[{"start":{"line":99,"column":8},"end":{"line":99,"column":8}},{"start":{"line":99,"column":8},"end":{"line":99,"column":8}}]},"4":{"line":104,"type":"if","locations":[{"start":{"line":104,"column":8},"end":{"line":104,"column":8}},{"start":{"line":104,"column":8},"end":{"line":104,"column":8}}]},"5":{"line":109,"type":"if","locations":[{"start":{"line":109,"column":8},"end":{"line":109,"column":8}},{"start":{"line":109,"column":8},"end":{"line":109,"column":8}}]},"6":{"line":114,"type":"if","locations":[{"start":{"line":114,"column":8},"end":{"line":114,"column":8}},{"start":{"line":114,"column":8},"end":{"line":114,"column":8}}]},"7":{"line":121,"type":"if","locations":[{"start":{"line":121,"column":8},"end":{"line":121,"column":8}},{"start":{"line":121,"column":8},"end":{"line":121,"column":8}}]},"8":{"line":135,"type":"if","locations":[{"start":{"line":135,"column":8},"end":{"line":135,"column":8}},{"start":{"line":135,"column":8},"end":{"line":135,"column":8}}]},"9":{"line":137,"type":"if","locations":[{"start":{"line":137,"column":8},"end":{"line":137,"column":8}},{"start":{"line":137,"column":8},"end":{"line":137,"column":8}}]},"10":{"line":141,"type":"if","locations":[{"start":{"line":141,"column":8},"end":{"line":141,"column":8}},{"start":{"line":141,"column":8},"end":{"line":141,"column":8}}]},"11":{"line":163,"type":"if","locations":[{"start":{"line":163,"column":8},"end":{"line":163,"column":8}},{"start":{"line":163,"column":8},"end":{"line":163,"column":8}}]},"12":{"line":174,"type":"if","locations":[{"start":{"line":174,"column":8},"end":{"line":174,"column":8}},{"start":{"line":174,"column":8},"end":{"line":174,"column":8}}]},"13":{"line":215,"type":"if","locations":[{"start":{"line":215,"column":8},"end":{"line":215,"column":8}},{"start":{"line":215,"column":8},"end":{"line":215,"column":8}}]},"14":{"line":249,"type":"if","locations":[{"start":{"line":249,"column":8},"end":{"line":249,"column":8}},{"start":{"line":249,"column":8},"end":{"line":249,"column":8}}]},"15":{"line":264,"type":"if","locations":[{"start":{"line":264,"column":12},"end":{"line":264,"column":12}},{"start":{"line":264,"column":12},"end":{"line":264,"column":12}}]},"16":{"line":265,"type":"if","locations":[{"start":{"line":265,"column":12},"end":{"line":265,"column":12}},{"start":{"line":265,"column":12},"end":{"line":265,"column":12}}]},"17":{"line":266,"type":"if","locations":[{"start":{"line":266,"column":16},"end":{"line":266,"column":16}},{"start":{"line":266,"column":16},"end":{"line":266,"column":16}}]},"18":{"line":279,"type":"if","locations":[{"start":{"line":279,"column":12},"end":{"line":279,"column":12}},{"start":{"line":279,"column":12},"end":{"line":279,"column":12}}]},"19":{"line":288,"type":"if","locations":[{"start":{"line":288,"column":8},"end":{"line":288,"column":8}},{"start":{"line":288,"column":8},"end":{"line":288,"column":8}}]},"20":{"line":298,"type":"if","locations":[{"start":{"line":298,"column":8},"end":{"line":298,"column":8}},{"start":{"line":298,"column":8},"end":{"line":298,"column":8}}]},"21":{"line":305,"type":"if","locations":[{"start":{"line":305,"column":8},"end":{"line":305,"column":8}},{"start":{"line":305,"column":8},"end":{"line":305,"column":8}}]},"22":{"line":315,"type":"if","locations":[{"start":{"line":315,"column":8},"end":{"line":315,"column":8}},{"start":{"line":315,"column":8},"end":{"line":315,"column":8}}]},"23":{"line":319,"type":"if","locations":[{"start":{"line":319,"column":12},"end":{"line":319,"column":12}},{"start":{"line":319,"column":12},"end":{"line":319,"column":12}}]},"24":{"line":328,"type":"if","locations":[{"start":{"line":328,"column":12},"end":{"line":328,"column":12}},{"start":{"line":328,"column":12},"end":{"line":328,"column":12}}]}}}}
