TN:
SF:/media/dev/a1f3111b-cf3b-4b8d-8080-52d4b51c231e/dev/Документы/Blaise/Projects/harmony_smart_contracts/contracts/EdgewareToken.sol
FN:12,onlyBridgeAndOwner
FN:23,constructor
FN:30,mintFor
FN:39,burn
FN:46,setBridgeAddress
FNF:5
FNH:4
FNDA:4,onlyBridgeAndOwner
FNDA:3,constructor
FNDA:4,mintFor
FNDA:0,burn
FNDA:4,setBridgeAddress
DA:13,4
DA:17,4
DA:25,3
DA:33,4
DA:34,4
DA:42,0
DA:43,0
DA:47,4
LF:8
LH:6
BRDA:13,1,0,4
BRDA:13,1,1,0
BRF:2
BRH:1
end_of_record
TN:
SF:/media/dev/a1f3111b-cf3b-4b8d-8080-52d4b51c231e/dev/Документы/Blaise/Projects/harmony_smart_contracts/contracts/HarmonyBridge.sol
FN:51,onlyWorker
FN:61,constructor
FN:75,transferCoin
FN:98,requestSwap
FN:130,transferToken
FN:157,setFee
FN:162,addValidator
FN:173,removeValidator
FN:184,addWorker
FN:188,removeWorker
FN:192,setThreshold
FN:198,addToken
FN:205,removeToken
FN:213,setDailyLimit
FN:224,setTxExpirationTime
FN:229,hashMessage
FN:248,checkExpirationTime
FN:256,verifySignatures
FN:273,checkUnique
FN:286,updateDailyLimit
FN:295,makeSwap
FNF:21
FNH:14
FNDA:14,onlyWorker
FNDA:3,constructor
FNDA:0,transferCoin
FNDA:14,requestSwap
FNDA:0,transferToken
FNDA:2,setFee
FNDA:14,addValidator
FNDA:0,removeValidator
FNDA:3,addWorker
FNDA:0,removeWorker
FNDA:0,setThreshold
FNDA:4,addToken
FNDA:0,removeToken
FNDA:0,setDailyLimit
FNDA:1,setTxExpirationTime
FNDA:12,hashMessage
FNDA:14,checkExpirationTime
FNDA:12,verifySignatures
FNDA:26,checkUnique
FNDA:8,updateDailyLimit
FNDA:8,makeSwap
DA:52,14
DA:53,14
DA:62,3
DA:63,3
DA:64,3
DA:65,3
DA:66,3
DA:67,3
DA:68,3
DA:69,3
DA:70,3
DA:76,0
DA:80,0
DA:81,0
DA:99,14
DA:104,14
DA:109,14
DA:114,14
DA:120,12
DA:121,12
DA:126,8
DA:127,6
DA:135,0
DA:136,0
DA:137,0
DA:141,0
DA:145,0
DA:147,0
DA:158,2
DA:163,14
DA:164,14
DA:165,14
DA:166,14
DA:174,0
DA:175,0
DA:176,0
DA:177,0
DA:185,3
DA:189,0
DA:193,0
DA:200,4
DA:201,4
DA:202,4
DA:206,0
DA:207,0
DA:208,0
DA:215,0
DA:219,0
DA:226,1
DA:234,12
DA:249,14
DA:250,0
DA:252,14
DA:261,12
DA:262,12
DA:263,38
DA:264,38
DA:265,36
DA:266,26
DA:268,34
DA:270,8
DA:278,26
DA:279,98
DA:280,2
DA:283,24
DA:287,8
DA:288,8
DA:290,1
DA:291,1
DA:296,8
DA:298,8
DA:303,8
DA:305,8
DA:311,6
DA:315,6
DA:316,2
DA:319,2
DA:324,4
DA:327,4
DA:328,4
DA:333,6
LF:81
LH:60
BRDA:52,1,0,14
BRDA:52,1,1,0
BRDA:76,2,0,0
BRDA:76,2,1,0
BRDA:99,3,0,14
BRDA:99,3,1,0
BRDA:104,4,0,14
BRDA:104,4,1,0
BRDA:109,5,0,14
BRDA:109,5,1,0
BRDA:114,6,0,12
BRDA:114,6,1,2
BRDA:121,7,0,8
BRDA:121,7,1,4
BRDA:135,8,0,0
BRDA:135,8,1,0
BRDA:137,9,0,0
BRDA:137,9,1,0
BRDA:141,10,0,0
BRDA:141,10,1,0
BRDA:163,11,0,14
BRDA:163,11,1,0
BRDA:174,12,0,0
BRDA:174,12,1,0
BRDA:215,13,0,0
BRDA:215,13,1,0
BRDA:249,14,0,0
BRDA:249,14,1,14
BRDA:264,15,0,2
BRDA:264,15,1,36
BRDA:265,16,0,26
BRDA:265,16,1,10
BRDA:266,17,0,2
BRDA:266,17,1,24
BRDA:279,18,0,2
BRDA:279,18,1,96
BRDA:288,19,0,1
BRDA:288,19,1,7
BRDA:298,20,0,8
BRDA:298,20,1,0
BRDA:305,21,0,6
BRDA:305,21,1,2
BRDA:315,22,0,2
BRDA:315,22,1,4
BRDA:319,23,0,2
BRDA:319,23,1,0
BRDA:328,24,0,4
BRDA:328,24,1,0
BRF:48
BRH:27
end_of_record
