TN:
SF:/media/dev/a1f3111b-cf3b-4b8d-8080-52d4b51c231e/dev/Документы/Blaise/Projects/harmony_smart_contracts/contracts/EdgewareToken.sol
FN:12,onlyBridgeAndOwner
FN:23,constructor
FN:30,mintFor
FN:39,burn
FN:46,setBridgeAddress
FNF:5
FNH:4
FNDA:3,onlyBridgeAndOwner
FNDA:3,constructor
FNDA:3,mintFor
FNDA:0,burn
FNDA:4,setBridgeAddress
DA:13,3
DA:17,3
DA:25,3
DA:33,3
DA:34,3
DA:42,0
DA:43,0
DA:47,4
LF:8
LH:6
BRDA:13,1,0,3
BRDA:13,1,1,0
BRF:2
BRH:1
end_of_record
TN:
SF:/media/dev/a1f3111b-cf3b-4b8d-8080-52d4b51c231e/dev/Документы/Blaise/Projects/harmony_smart_contracts/contracts/HarmonyBridge.sol
FN:51,onlyWorker
FN:61,constructor
FN:75,transferCoin
FN:103,requestSwap
FN:135,transferToken
FN:162,setFee
FN:167,addValidator
FN:178,removeValidator
FN:189,addWorker
FN:193,removeWorker
FN:197,setThreshold
FN:203,addToken
FN:210,removeToken
FN:218,setDailyLimit
FN:229,setTxExpirationTime
FN:234,hashMessage
FN:253,checkExpirationTime
FN:261,verifySignatures
FN:278,checkUnique
FN:291,updateDailyLimit
FN:300,makeSwap
FNF:21
FNH:14
FNDA:17,onlyWorker
FNDA:3,constructor
FNDA:0,transferCoin
FNDA:17,requestSwap
FNDA:0,transferToken
FNDA:2,setFee
FNDA:14,addValidator
FNDA:0,removeValidator
FNDA:3,addWorker
FNDA:0,removeWorker
FNDA:0,setThreshold
FNDA:4,addToken
FNDA:0,removeToken
FNDA:0,setDailyLimit
FNDA:1,setTxExpirationTime
FNDA:3,hashMessage
FNDA:17,checkExpirationTime
FNDA:3,verifySignatures
FNDA:9,checkUnique
FNDA:3,updateDailyLimit
FNDA:3,makeSwap
DA:52,17
DA:53,17
DA:62,3
DA:63,3
DA:64,3
DA:65,3
DA:66,3
DA:67,3
DA:68,3
DA:69,3
DA:70,3
DA:76,0
DA:80,0
DA:81,0
DA:104,17
DA:109,3
DA:114,3
DA:119,3
DA:125,3
DA:126,3
DA:131,3
DA:132,3
DA:140,0
DA:141,0
DA:142,0
DA:146,0
DA:150,0
DA:152,0
DA:163,2
DA:168,14
DA:169,14
DA:170,14
DA:171,14
DA:179,0
DA:180,0
DA:181,0
DA:182,0
DA:190,3
DA:194,0
DA:198,0
DA:205,4
DA:206,4
DA:207,4
DA:211,0
DA:212,0
DA:213,0
DA:220,0
DA:224,0
DA:231,1
DA:239,3
DA:254,17
DA:255,14
DA:257,3
DA:266,3
DA:267,3
DA:268,12
DA:269,12
DA:270,12
DA:271,9
DA:273,12
DA:275,3
DA:283,9
DA:284,36
DA:285,0
DA:288,9
DA:292,3
DA:293,3
DA:295,1
DA:296,1
DA:301,3
DA:303,3
DA:308,3
DA:310,3
DA:316,3
DA:320,3
DA:321,0
DA:324,0
DA:329,3
DA:332,3
DA:333,3
DA:338,3
LF:81
LH:58
BRDA:52,1,0,17
BRDA:52,1,1,0
BRDA:76,2,0,0
BRDA:76,2,1,0
BRDA:104,3,0,3
BRDA:104,3,1,14
BRDA:109,4,0,3
BRDA:109,4,1,0
BRDA:114,5,0,3
BRDA:114,5,1,0
BRDA:119,6,0,3
BRDA:119,6,1,0
BRDA:126,7,0,3
BRDA:126,7,1,0
BRDA:140,8,0,0
BRDA:140,8,1,0
BRDA:142,9,0,0
BRDA:142,9,1,0
BRDA:146,10,0,0
BRDA:146,10,1,0
BRDA:168,11,0,14
BRDA:168,11,1,0
BRDA:179,12,0,0
BRDA:179,12,1,0
BRDA:220,13,0,0
BRDA:220,13,1,0
BRDA:254,14,0,14
BRDA:254,14,1,3
BRDA:269,15,0,0
BRDA:269,15,1,12
BRDA:270,16,0,9
BRDA:270,16,1,3
BRDA:271,17,0,0
BRDA:271,17,1,9
BRDA:284,18,0,0
BRDA:284,18,1,36
BRDA:293,19,0,1
BRDA:293,19,1,2
BRDA:303,20,0,3
BRDA:303,20,1,0
BRDA:310,21,0,3
BRDA:310,21,1,0
BRDA:320,22,0,0
BRDA:320,22,1,3
BRDA:324,23,0,0
BRDA:324,23,1,0
BRDA:333,24,0,3
BRDA:333,24,1,0
BRF:48
BRH:21
end_of_record
